2026-03-05T20:55:25.543-03:00  INFO 8828 --- [DoSafe] [main] c.m.DoSafe.DoSafeApplication             : Starting DoSafeApplication using Java 17.0.0.1 with PID 8828 (C:\dosafe\DoSafe\dosafe-backend\DoSafe\target\classes started by User in C:\dosafe\DoSafe\dosafe-backend\DoSafe)
2026-03-05T20:55:25.551-03:00 DEBUG 8828 --- [DoSafe] [main] c.m.DoSafe.DoSafeApplication             : Running with Spring Boot v4.0.2, Spring v7.0.3
2026-03-05T20:55:25.553-03:00  INFO 8828 --- [DoSafe] [main] c.m.DoSafe.DoSafeApplication             : No active profile set, falling back to 1 default profile: "default"
2026-03-05T20:55:28.013-03:00  INFO 8828 --- [DoSafe] [main] .s.d.r.c.RepositoryConfigurationDelegate : Bootstrapping Spring Data JPA repositories in DEFAULT mode.
2026-03-05T20:55:28.399-03:00  INFO 8828 --- [DoSafe] [main] .s.d.r.c.RepositoryConfigurationDelegate : Finished Spring Data repository scanning in 198 ms. Found 3 JPA repository interfaces.
2026-03-05T20:55:29.591-03:00  INFO 8828 --- [DoSafe] [main] o.s.boot.tomcat.TomcatWebServer          : Tomcat initialized with port 8080 (http)
2026-03-05T20:55:29.627-03:00  INFO 8828 --- [DoSafe] [main] o.apache.catalina.core.StandardService   : Starting service [Tomcat]
2026-03-05T20:55:29.630-03:00  INFO 8828 --- [DoSafe] [main] o.apache.catalina.core.StandardEngine    : Starting Servlet engine: [Apache Tomcat/11.0.15]
2026-03-05T20:55:29.819-03:00  INFO 8828 --- [DoSafe] [main] b.w.c.s.WebApplicationContextInitializer : Root WebApplicationContext: initialization completed in 3923 ms
2026-03-05T20:55:29.959-03:00 DEBUG 8828 --- [DoSafe] [main] c.m.D.s.jwt.JwtAuthenticationFilter      : Filter 'jwtAuthenticationFilter' configured for use
2026-03-05T20:55:30.225-03:00  INFO 8828 --- [DoSafe] [main] org.hibernate.orm.jpa                    : HHH008540: Processing PersistenceUnitInfo [name: default]
2026-03-05T20:55:30.508-03:00  INFO 8828 --- [DoSafe] [main] org.hibernate.orm.core                   : HHH000001: Hibernate ORM core version 7.2.1.Final
2026-03-05T20:55:31.431-03:00  INFO 8828 --- [DoSafe] [main] o.s.o.j.p.SpringPersistenceUnitInfo      : No LoadTimeWeaver setup: ignoring JPA class transformer
2026-03-05T20:55:31.513-03:00  INFO 8828 --- [DoSafe] [main] com.zaxxer.hikari.HikariDataSource       : HikariPool-1 - Starting...
2026-03-05T20:55:32.237-03:00  INFO 8828 --- [DoSafe] [main] com.zaxxer.hikari.pool.HikariPool        : HikariPool-1 - Added connection com.mysql.cj.jdbc.ConnectionImpl@26f204a4
2026-03-05T20:55:32.242-03:00  INFO 8828 --- [DoSafe] [main] com.zaxxer.hikari.HikariDataSource       : HikariPool-1 - Start completed.
2026-03-05T20:55:32.345-03:00  WARN 8828 --- [DoSafe] [main] org.hibernate.orm.core                   : HHH000511: The 5.7.44 version for [org.hibernate.dialect.MySQLDialect] is no longer supported, hence certain features may not work properly.The minimum supported version is 8.0.0. Check the community dialects project for available legacy versions.
2026-03-05T20:55:32.363-03:00  WARN 8828 --- [DoSafe] [main] org.hibernate.orm.deprecation            : HHH90000025: MySQLDialect does not need to be specified explicitly using 'hibernate.dialect' (remove the property setting and it will be selected by default)
2026-03-05T20:55:32.426-03:00  INFO 8828 --- [DoSafe] [main] org.hibernate.orm.connections.pooling    : HHH10001005: Database info:
	Database JDBC URL [jdbc:mysql://localhost:3306/dosafe?serverTimezone=UTC]
	Database driver: MySQL Connector/J
	Database dialect: MySQLDialect
	Database version: 5.7.44
	Default catalog/schema: dosafe/undefined
	Autocommit mode: undefined/unknown
	Isolation level: REPEATABLE_READ [default REPEATABLE_READ]
	JDBC fetch size: none
	Pool: DataSourceConnectionProvider
	Minimum pool size: undefined/unknown
	Maximum pool size: undefined/unknown
2026-03-05T20:55:34.485-03:00  INFO 8828 --- [DoSafe] [main] org.hibernate.orm.core                   : HHH000489: No JTA platform available (set 'hibernate.transaction.jta.platform' to enable JTA platform integration)
2026-03-05T20:55:34.893-03:00  INFO 8828 --- [DoSafe] [main] j.LocalContainerEntityManagerFactoryBean : Initialized JPA EntityManagerFactory for persistence unit 'default'
2026-03-05T20:55:35.066-03:00  INFO 8828 --- [DoSafe] [main] o.s.d.j.r.query.QueryEnhancerFactories   : Hibernate is in classpath; If applicable, HQL parser will be used.
2026-03-05T20:55:37.429-03:00  INFO 8828 --- [DoSafe] [main] eAuthenticationProviderManagerConfigurer : Global AuthenticationManager configured with AuthenticationProvider bean with name authenticationProvider
2026-03-05T20:55:37.433-03:00  WARN 8828 --- [DoSafe] [main] r$InitializeUserDetailsManagerConfigurer : Global AuthenticationManager configured with an AuthenticationProvider bean. UserDetailsService beans will not be used by Spring Security for automatically configuring username/password login. Consider removing the AuthenticationProvider bean. Alternatively, consider using the UserDetailsService in a manually instantiated DaoAuthenticationProvider. If the current configuration is intentional, to turn off this warning, increase the logging level of 'org.springframework.security.config.annotation.authentication.configuration.InitializeUserDetailsBeanManagerConfigurer' to ERROR
2026-03-05T20:55:38.173-03:00  WARN 8828 --- [DoSafe] [main] JpaBaseConfiguration$JpaWebConfiguration : spring.jpa.open-in-view is enabled by default. Therefore, database queries may be performed during view rendering. Explicitly configure spring.jpa.open-in-view to disable this warning
2026-03-05T20:55:39.025-03:00  INFO 8828 --- [DoSafe] [main] o.s.boot.tomcat.TomcatWebServer          : Tomcat started on port 8080 (http) with context path '/'
2026-03-05T20:55:39.046-03:00  INFO 8828 --- [DoSafe] [main] c.m.DoSafe.DoSafeApplication             : Started DoSafeApplication in 14.387 seconds (process running for 15.548)
2026-03-05 23:29:48 [main] INFO  com.miguel_damasco.DoSafe.DoSafeApplication - Starting DoSafeApplication using Java 17.0.0.1 with PID 22592 (C:\dosafe\DoSafe\dosafe-backend\DoSafe\target\classes started by User in C:\dosafe\DoSafe\dosafe-backend\DoSafe)
2026-03-05 23:29:48 [main] INFO  com.miguel_damasco.DoSafe.DoSafeApplication - No active profile set, falling back to 1 default profile: "default"
2026-03-05 23:29:51 [main] INFO  org.springframework.data.repository.config.RepositoryConfigurationDelegate - Bootstrapping Spring Data JPA repositories in DEFAULT mode.
2026-03-05 23:29:51 [main] INFO  org.springframework.data.repository.config.RepositoryConfigurationDelegate - Finished Spring Data repository scanning in 223 ms. Found 3 JPA repository interfaces.
2026-03-05 23:29:53 [main] INFO  org.springframework.boot.tomcat.TomcatWebServer - Tomcat initialized with port 8080 (http)
2026-03-05 23:29:53 [main] INFO  org.apache.coyote.http11.Http11NioProtocol - Initializing ProtocolHandler ["http-nio-8080"]
2026-03-05 23:29:53 [main] INFO  org.apache.catalina.core.StandardService - Starting service [Tomcat]
2026-03-05 23:29:53 [main] INFO  org.apache.catalina.core.StandardEngine - Starting Servlet engine: [Apache Tomcat/11.0.15]
2026-03-05 23:29:53 [main] INFO  org.springframework.boot.web.context.servlet.WebApplicationContextInitializer - Root WebApplicationContext: initialization completed in 4605 ms
2026-03-05 23:29:54 [main] INFO  org.hibernate.orm.core - HHH000001: Hibernate ORM core version 7.2.1.Final
2026-03-05 23:29:55 [main] INFO  org.springframework.orm.jpa.persistenceunit.SpringPersistenceUnitInfo - No LoadTimeWeaver setup: ignoring JPA class transformer
2026-03-05 23:29:55 [main] INFO  com.zaxxer.hikari.HikariDataSource - HikariPool-1 - Starting...
2026-03-05 23:29:55 [main] INFO  com.zaxxer.hikari.pool.HikariPool - HikariPool-1 - Added connection com.mysql.cj.jdbc.ConnectionImpl@5dd6f517
2026-03-05 23:29:55 [main] INFO  com.zaxxer.hikari.HikariDataSource - HikariPool-1 - Start completed.
2026-03-05 23:29:55 [main] WARN  org.hibernate.orm.core - HHH000511: The 5.7.44 version for [org.hibernate.dialect.MySQLDialect] is no longer supported, hence certain features may not work properly.The minimum supported version is 8.0.0. Check the community dialects project for available legacy versions.
2026-03-05 23:29:55 [main] WARN  org.hibernate.orm.deprecation - HHH90000025: MySQLDialect does not need to be specified explicitly using 'hibernate.dialect' (remove the property setting and it will be selected by default)
2026-03-05 23:29:55 [main] INFO  org.hibernate.orm.connections.pooling - HHH10001005: Database info:
	Database JDBC URL [jdbc:mysql://localhost:3306/dosafe?serverTimezone=UTC]
	Database driver: MySQL Connector/J
	Database dialect: MySQLDialect
	Database version: 5.7.44
	Default catalog/schema: dosafe/undefined
	Autocommit mode: undefined/unknown
	Isolation level: REPEATABLE_READ [default REPEATABLE_READ]
	JDBC fetch size: none
	Pool: DataSourceConnectionProvider
	Minimum pool size: undefined/unknown
	Maximum pool size: undefined/unknown
2026-03-05 23:29:59 [main] INFO  org.hibernate.orm.core - HHH000489: No JTA platform available (set 'hibernate.transaction.jta.platform' to enable JTA platform integration)
2026-03-05 23:30:00 [main] INFO  org.springframework.orm.jpa.LocalContainerEntityManagerFactoryBean - Initialized JPA EntityManagerFactory for persistence unit 'default'
2026-03-05 23:30:00 [main] INFO  org.springframework.data.jpa.repository.query.QueryEnhancerFactories - Hibernate is in classpath; If applicable, HQL parser will be used.
2026-03-05 23:30:03 [main] INFO  org.springframework.security.config.annotation.authentication.configuration.InitializeAuthenticationProviderBeanManagerConfigurer$InitializeAuthenticationProviderManagerConfigurer - Global AuthenticationManager configured with AuthenticationProvider bean with name authenticationProvider
2026-03-05 23:30:03 [main] WARN  org.springframework.security.config.annotation.authentication.configuration.InitializeUserDetailsBeanManagerConfigurer$InitializeUserDetailsManagerConfigurer - Global AuthenticationManager configured with an AuthenticationProvider bean. UserDetailsService beans will not be used by Spring Security for automatically configuring username/password login. Consider removing the AuthenticationProvider bean. Alternatively, consider using the UserDetailsService in a manually instantiated DaoAuthenticationProvider. If the current configuration is intentional, to turn off this warning, increase the logging level of 'org.springframework.security.config.annotation.authentication.configuration.InitializeUserDetailsBeanManagerConfigurer' to ERROR
2026-03-05 23:30:03 [main] WARN  org.springframework.boot.jpa.autoconfigure.JpaBaseConfiguration$JpaWebConfiguration - spring.jpa.open-in-view is enabled by default. Therefore, database queries may be performed during view rendering. Explicitly configure spring.jpa.open-in-view to disable this warning
2026-03-05 23:30:06 [main] INFO  org.apache.coyote.http11.Http11NioProtocol - Starting ProtocolHandler ["http-nio-8080"]
2026-03-05 23:30:06 [main] INFO  org.springframework.boot.tomcat.TomcatWebServer - Tomcat started on port 8080 (http) with context path '/'
2026-03-05 23:30:06 [main] INFO  com.miguel_damasco.DoSafe.DoSafeApplication - Started DoSafeApplication in 18.637 seconds (process running for 19.772)
2026-03-05 23:50:39 [main] INFO  com.miguel_damasco.DoSafe.DoSafeApplication - Starting DoSafeApplication using Java 17.0.0.1 with PID 26516 (C:\dosafe\DoSafe\dosafe-backend\DoSafe\target\classes started by User in C:\dosafe\DoSafe\dosafe-backend\DoSafe)
2026-03-05 23:50:39 [main] DEBUG com.miguel_damasco.DoSafe.DoSafeApplication - Running with Spring Boot v4.0.2, Spring v7.0.3
2026-03-05 23:50:39 [main] INFO  com.miguel_damasco.DoSafe.DoSafeApplication - No active profile set, falling back to 1 default profile: "default"
2026-03-05 23:50:42 [main] DEBUG com.miguel_damasco.DoSafe.security.jwt.JwtAuthenticationFilter - Filter 'jwtAuthenticationFilter' configured for use
2026-03-05 23:50:49 [main] INFO  com.miguel_damasco.DoSafe.DoSafeApplication - Started DoSafeApplication in 11.449 seconds (process running for 12.572)
